2011/02/03 00:16:22 Info:email enviado correctamente a jampgold@gmail.com
2011/02/03 00:16:22 Info:email enviado correctamente a asamblea
2011/02/03 00:19:02 Info:email enviado correctamente a jampgold@gmail.com
2011/02/03 00:19:02 Info:email enviado correctamente a asamblea
2011/02/03 00:52:49 Info:email enviado correctamente a jampgold@gmail.com
2011/02/03 00:52:54 Info:email enviado correctamente a asamblea
2011/02/08 05:47:35 ************ERROR************ email enviado correctamente a scouter_ccv@hotmail.com Detalles: SMTP Error: The following recipients failed: scouter_ccv@hotmail.com<p>SMTP server error: </p>
 ************ERROR************ 
2011/02/08 05:47:51 ************ERROR************ email enviado correctamente a asamblea. Detalles: SMTP Error: The following recipients failed: asamblea@scoutsfalcon.org<p>SMTP server error: </p>
 ************ERROR************ 
2011/02/09 10:05:12 Info:email enviado correctamente a jampgold@gmail.com
2011/02/09 10:05:17 Info:email enviado correctamente a asamblea
2011/02/13 19:14:57 Info:email enviado correctamente a jampgold@gmail.com
2011/02/13 19:14:57 Info:email enviado correctamente a asamblea
2011/02/27 23:16:11 Info:email enviado correctamente a ferrebusn@gmail.com
2011/02/27 23:16:16 Info:email enviado correctamente a asamblea
2011/03/01 21:37:43 Info:email enviado correctamente a nelsonavasquezm@gmail.com
2011/03/01 21:37:48 Info:email enviado correctamente a asamblea
2011/03/02 18:44:23 Info:email enviado correctamente a LAMFER1@HOTMAIL.COM
2011/03/02 18:44:28 Info:email enviado correctamente a asamblea
2011/03/02 21:41:38 ************ERROR************ email enviado correctamente a radamesbarroeta@gmail.com Detalles: SMTP Error: Data not accepted.<p>SMTP server error: </p>
 ************ERROR************ 
2011/03/02 21:41:54 ************ERROR************ email enviado correctamente a asamblea. Detalles: SMTP Error: The following recipients failed: asamblea@scoutsfalcon.org<p>SMTP server error: </p>
 ************ERROR************ 
2011/03/02 22:02:01 Info:email enviado correctamente a dparis@jacintolara.org.ve
2011/03/02 22:02:06 Info:email enviado correctamente a asamblea
2011/03/02 22:21:58 Info:email enviado correctamente a comisionadairibarren@gmail.com
2011/03/02 22:22:04 Info:email enviado correctamente a asamblea
2011/03/03 10:33:57 Info:email enviado correctamente a rodolforadames@gmail.com
2011/03/03 10:34:03 Info:email enviado correctamente a asamblea
2011/03/03 11:21:35 Info:email enviado correctamente a naudysreyes2005@hotmail.com
2011/03/03 11:21:45 Info:email enviado correctamente a asamblea
2011/03/03 14:07:16 ************ERROR************ email enviado correctamente a cceeis@hotmail.com Detalles: SMTP Error: Data not accepted.<p>SMTP server error: </p>
 ************ERROR************ 
2011/03/03 14:07:38 Info:email enviado correctamente a asamblea
2011/03/03 16:15:56 Info:email enviado correctamente a edrach.ambos@gmail.com
2011/03/03 16:16:01 Info:email enviado correctamente a asamblea
2011/03/03 19:13:31 Info:email enviado correctamente a chikenvenezolano@hotmail.com
2011/03/03 19:13:36 Info:email enviado correctamente a asamblea
2011/03/03 19:49:31 Info:email enviado correctamente a jear_8@hotmail.com
2011/03/03 19:49:36 Info:email enviado correctamente a asamblea
2011/03/03 20:33:48 Info:email enviado correctamente a robertluna33@yahoo.com
2011/03/03 20:33:56 Info:email enviado correctamente a asamblea
2011/03/03 22:10:06 Info:email enviado correctamente a noramartucci@hotmail.com
2011/03/03 22:10:11 Info:email enviado correctamente a asamblea
2011/03/03 22:38:25 Info:email enviado correctamente a amuzca2004@hotmail.com
2011/03/03 22:38:30 Info:email enviado correctamente a asamblea
2011/03/19 08:02:03 Info:email enviado correctamente a jampgold@gmail.com
2011/03/19 08:02:08 Info:email enviado correctamente a asamblea
2011/03/19 17:09:18 Info:email enviado correctamente a cesarmolero@hotmail.com
2011/03/19 17:09:24 Info:email enviado correctamente a asamblea
2011/03/20 13:39:23 Info:email enviado correctamente a aelazzari@gmail.com
2011/03/20 13:39:29 Info:email enviado correctamente a asamblea
2011/03/20 22:26:15 Info:email enviado correctamente a malena.bracho@gmail.com
2011/03/20 22:26:22 Info:email enviado correctamente a asamblea
2011/03/21 11:35:32 Info:email enviado correctamente a jampgold@gmail.com
2011/03/21 11:35:37 Info:email enviado correctamente a asamblea
2011/03/21 16:36:34 Info:email enviado correctamente a nilsonpg@yahoo.com
2011/03/21 16:36:39 Info:email enviado correctamente a asamblea
2011/03/21 18:46:31 Info:email enviado correctamente a gualdo6@hotmail.com
2011/03/21 18:46:38 Info:email enviado correctamente a asamblea
2011/03/22 14:56:31 Info:email enviado correctamente a baptistaelsaj@gmal.com
2011/03/22 14:56:36 Info:email enviado correctamente a asamblea
2011/03/22 19:58:57 Info:email enviado correctamente a leoslay@gmail.com
2011/03/22 19:59:03 Info:email enviado correctamente a asamblea
2011/03/23 03:03:18 Info:email enviado correctamente a leonevange@gmail.com
2011/03/23 03:03:23 Info:email enviado correctamente a asamblea
2011/03/23 12:38:06 Info:email enviado correctamente a ayskel_padron@hotmail.com
2011/03/23 12:38:11 Info:email enviado correctamente a asamblea
2011/03/23 12:52:01 Info:email enviado correctamente a acrizulia@hotmail.com
2011/03/23 12:52:07 Info:email enviado correctamente a asamblea
2011/03/23 12:55:16 Info:email enviado correctamente a alcides_vargas@hotmail.com
2011/03/23 12:55:23 Info:email enviado correctamente a asamblea
2011/03/23 20:08:15 Info:email enviado correctamente a raulyn.mendez@scoutsvenezuela.org.ve
2011/03/23 20:08:20 Info:email enviado correctamente a asamblea
2011/03/24 09:15:55 Info:email enviado correctamente a victormej@gmail.com
2011/03/24 09:16:00 Info:email enviado correctamente a asamblea
2011/03/24 09:53:32 Info:email enviado correctamente a patry0426@gmail.com
2011/03/24 09:53:37 Info:email enviado correctamente a asamblea
2011/03/24 10:13:54 Info:email enviado correctamente a oscarenriquepadron@gmail.com
2011/03/24 10:13:59 Info:email enviado correctamente a asamblea
2011/03/24 18:20:34 Info:email enviado correctamente a carolina.valera01@gmail.com
2011/03/24 18:20:39 Info:email enviado correctamente a asamblea
2011/03/25 17:09:06 Info:email enviado correctamente a josehurtado842@hotmail.com
2011/03/25 17:09:11 Info:email enviado correctamente a asamblea
2011/03/26 20:22:30 Info:email enviado correctamente a nila_urdaneta@yahoo.com
2011/03/26 20:22:35 Info:email enviado correctamente a asamblea
2011/03/27 07:32:19 Info:email enviado correctamente a jampgold@gmail.com
2011/03/27 07:32:24 Info:email enviado correctamente a asamblea
2011/03/28 11:43:53 ************ERROR************ email enviado correctamente a pedrochirinosc@gmail.com Detalles: SMTP Error: Data not accepted.<p>SMTP server error: </p>
 ************ERROR************ 
2011/03/28 11:44:08 ************ERROR************ email enviado correctamente a asamblea. Detalles: SMTP Error: The following recipients failed: asamblea@scoutsfalcon.org<p>SMTP server error: </p>
 ************ERROR************ 
2011/03/28 23:21:28 ************ERROR************ email enviado correctamente a marcoscamacho@hotmail.com Detalles: SMTP Error: Data not accepted.<p>SMTP server error: </p>
 ************ERROR************ 
2011/03/28 23:21:44 ************ERROR************ email enviado correctamente a asamblea. Detalles: SMTP Error: Data not accepted.<p>SMTP server error: </p>
 ************ERROR************ 
2011/03/28 23:32:55 Info:email enviado correctamente a star_veronik@hotmail.com
2011/03/28 23:33:03 Info:email enviado correctamente a asamblea
2011/03/29 09:39:48 Info:email enviado correctamente a ovidioro@yahoo.com
2011/03/29 09:39:56 Info:email enviado correctamente a asamblea
2011/03/29 09:45:47 Info:email enviado correctamente a carmenlleras@gmail.com
2011/03/29 09:45:52 Info:email enviado correctamente a asamblea
2011/03/29 09:52:26 Info:email enviado correctamente a ovidiorojas87@gmail.com
2011/03/29 09:52:36 Info:email enviado correctamente a asamblea
2011/03/29 10:05:49 Info:email enviado correctamente a jdiaz@bcv.org.ve
2011/03/29 10:05:54 Info:email enviado correctamente a asamblea
2011/03/29 20:11:14 Info:email enviado correctamente a jacoboviejoscout@hotmail.com
2011/03/29 20:11:23 Info:email enviado correctamente a asamblea
2011/03/29 20:18:43 Info:email enviado correctamente a jacoboviejoscout@hotmail.com
2011/03/29 20:18:58 ************ERROR************ email enviado correctamente a asamblea. Detalles: SMTP Error: Data not accepted.<p>SMTP server error: </p>
 ************ERROR************ 
2011/03/30 09:42:47 Info:email enviado correctamente a marnav1@gmail.com
2011/03/30 09:42:53 Info:email enviado correctamente a asamblea
2011/03/30 22:36:32 Info:email enviado correctamente a mfaagr@gmail.com
2011/03/30 22:36:37 Info:email enviado correctamente a asamblea
2011/03/31 13:57:33 Info:email enviado correctamente a mahuampiperez44@gmail.com
2011/03/31 13:57:38 Info:email enviado correctamente a asamblea
